<?xml version="1.0" encoding="UTF-8"?>
<testsuite xmlns:xsi="http://www.w3.org/2001/XMLSchema-instance" xsi:noNamespaceSchemaLocation="https://maven.apache.org/surefire/maven-surefire-plugin/xsd/surefire-test-report.xsd" version="3.0.2" name="com.team.docai.DocaiApplicationTests" time="6.685" tests="1" errors="0" skipped="0" failures="0">
  <properties>
[...]
</properties>
  <testcase name="contextLoads" classname="com.team.docai.DocaiApplicationTests" time="0.546">
    <system-out><![CDATA[15:17:51.826 [main] INFO org.springframework.test.context.support.AnnotationConfigContextLoaderUtils -- Could not detect default configuration classes for test class [com.team.docai.DocaiApplicationTests]: DocaiApplicationTests does not declare any static, non-private, non-final, nested classes annotated with @Configuration.
15:17:51.934 [main] INFO org.springframework.boot.test.context.SpringBootTestContextBootstrapper -- Found @SpringBootConfiguration com.team.docai.DocaiApplication for test class com.team.docai.DocaiApplicationTests

  .   ____          _            __ _ _
 /\\ / ___'_ __ _ _(_)_ __  __ _ \ \ \ \
( ( )\___ | '_ | '_| | '_ \/ _` | \ \ \ \
 \\/  ___)| |_)| | | | | || (_| |  ) ) ) )
  '  |____| .__|_| |_|_| |_\__, | / / / /
 =========|_|==============|___/=/_/_/_/

 :: Spring Boot ::               (v3.5.11)

2026-03-05T15:17:52.372+08:00  INFO 27740 --- [docai] [           main] com.team.docai.DocaiApplicationTests     : Starting DocaiApplicationTests using Java 24.0.2 with PID 27740 (started by ALGH in E:\A23������\Intelligent-Document-Processing-System\docai\docai)
2026-03-05T15:17:52.373+08:00 DEBUG 27740 --- [docai] [           main] com.team.docai.DocaiApplicationTests     : Running with Spring Boot v3.5.11, Spring v6.2.16
2026-03-05T15:17:52.374+08:00  INFO 27740 --- [docai] [           main] com.team.docai.DocaiApplicationTests     : No active profile set, falling back to 1 default profile: "default"
Logging initialized using 'class org.apache.ibatis.logging.stdout.StdOutImpl' adapter.
Get /192.168.137.1 network interface 
Get network interface info: name:wireless_32770 (Microsoft Wi-Fi Direct Virtual Adapter #2)
Initialization Sequence datacenterId:13 workerId:12
 _ _   |_  _ _|_. ___ _ |    _ 
| | |\/|_)(_| | |_\  |_)||_|_\ 
     /               |         
                        3.5.9 
2026-03-05T15:17:53.687+08:00  WARN 27740 --- [docai] [           main] o.s.aop.framework.CglibAopProxy          : Unable to proxy interface-implementing method [public final void org.springframework.web.filter.GenericFilterBean.init(jakarta.servlet.FilterConfig) throws jakarta.servlet.ServletException] because it is marked as final, consider using interface-based JDK proxies instead.
2026-03-05T15:17:53.878+08:00  INFO 27740 --- [docai] [           main] com.team.docai.service.AIService         : ����AI�ͻ��˳�ʼ�����, model=glm-4-flash
2026-03-05T15:17:54.179+08:00  WARN 27740 --- [docai] [           main] .s.s.UserDetailsServiceAutoConfiguration : 

Using generated security password: 92bae87e-2741-4489-9965-d082c96a8322

This generated password is for development use only. Your security configuration must be updated before running your application in production.

2026-03-05T15:17:54.185+08:00  INFO 27740 --- [docai] [           main] r$InitializeUserDetailsManagerConfigurer : Global AuthenticationManager configured with UserDetailsService bean with name inMemoryUserDetailsManager
2026-03-05T15:17:54.522+08:00  INFO 27740 --- [docai] [           main] com.team.docai.DocaiApplicationTests     : Started DocaiApplicationTests in 2.449 seconds (process running for 3.648)
2026-03-05T15:17:54.525+08:00  INFO 27740 --- [docai] [           main] c.team.docai.config.DatabaseInitializer  : ��ʼ������ݿ��ṹ...
2026-03-05T15:17:54.525+08:00  INFO 27740 --- [docai] [           main] com.zaxxer.hikari.HikariDataSource       : HikariPool-1 - Starting...
2026-03-05T15:17:57.108+08:00  INFO 27740 --- [docai] [           main] com.zaxxer.hikari.pool.HikariPool        : HikariPool-1 - Added connection com.mysql.cj.jdbc.ConnectionImpl@42edde25
2026-03-05T15:17:57.109+08:00  INFO 27740 --- [docai] [           main] com.zaxxer.hikari.HikariDataSource       : HikariPool-1 - Start completed.
2026-03-05T15:17:57.825+08:00  INFO 27740 --- [docai] [           main] c.team.docai.config.DatabaseInitializer  : ���ݿ��ṹ������
]]></system-out>
    <system-err><![CDATA[Mockito is currently self-attaching to enable the inline-mock-maker. This will no longer work in future releases of the JDK. Please add Mockito as an agent to your build as described in Mockito's documentation: https://javadoc.io/doc/org.mockito/mockito-core/latest/org.mockito/org/mockito/Mockito.html#0.3
WARNING: A Java agent has been loaded dynamically (C:\Users\ALGH\.m2\repository\net\bytebuddy\byte-buddy-agent\1.17.8\byte-buddy-agent-1.17.8.jar)
WARNING: If a serviceability tool is in use, please run with -XX:+EnableDynamicAgentLoading to hide this warning
WARNING: If a serviceability tool is not in use, please run with -Djdk.instrument.traceUsage for more information
WARNING: Dynamic loading of agents will be disallowed by default in a future release
]]></system-err>
  </testcase>
</testsuite>